生成启动时间为 2020/01/20 16:22:42。
     1>项目“C:\Users\ytq\Desktop\c_project\二级练习\选择结构程序设计_10\选择结构程序设计_10\选择结构程序设计_10.vcxproj”在节点 2 上(build 个目标)。
     1>PrepareForBuild:
         正在创建目录“C:\Users\ytq\Desktop\c_project\二级练习\选择结构程序设计_10\Debug\”。
       InitializeBuildStatus:
         正在创建“Debug\选择结构程序设计_10.unsuccessfulbuild”，因为已指定“AlwaysCreate”。
       ClCompile:
         C:\Program Files (x86)\Microsoft Visual Studio 10.0\VC\bin\CL.exe /c /ZI /nologo /W3 /WX- /Od /Oy- /D WIN32 /D _DEBUG /D _CONSOLE /D _UNICODE /D UNICODE /Gm /EHsc /RTC1 /MDd /GS /fp:precise /Zc:wchar_t /Zc:forScope /Fo"Debug\\" /Fd"Debug\vc100.pdb" /Gd /TC /analyze- /errorReport:prompt 10.c
         10.c
       ManifestResourceCompile:
         C:\Program Files (x86)\Microsoft SDKs\Windows\v7.0A\bin\rc.exe /nologo /fo"Debug\选择结构程序设计_10.exe.embed.manifest.res" "Debug\选择结构程序设计_10_manifest.rc" 
       Link:
         C:\Program Files (x86)\Microsoft Visual Studio 10.0\VC\bin\link.exe /ERRORREPORT:PROMPT /OUT:"C:\Users\ytq\Desktop\c_project\二级练习\选择结构程序设计_10\Debug\选择结构程序设计_10.exe" /INCREMENTAL /NOLOGO kernel32.lib user32.lib gdi32.lib winspool.lib comdlg32.lib advapi32.lib shell32.lib ole32.lib oleaut32.lib uuid.lib odbc32.lib odbccp32.lib /MANIFEST /ManifestFile:"Debug\选择结构程序设计_10.exe.intermediate.manifest" /MANIFESTUAC:"level='asInvoker' uiAccess='false'" /DEBUG /PDB:"C:\Users\ytq\Desktop\c_project\二级练习\选择结构程序设计_10\Debug\选择结构程序设计_10.pdb" /SUBSYSTEM:CONSOLE /TLBID:1 /DYNAMICBASE /NXCOMPAT /IMPLIB:"C:\Users\ytq\Desktop\c_project\二级练习\选择结构程序设计_10\Debug\选择结构程序设计_10.lib" /MACHINE:X86 "Debug\选择结构程序设计_10.exe.embed.manifest.res"
         Debug\10.obj
       Manifest:
         C:\Program Files (x86)\Microsoft SDKs\Windows\v7.0A\bin\mt.exe /nologo /verbose /out:"Debug\选择结构程序设计_10.exe.embed.manifest" /manifest "Debug\选择结构程序设计_10.exe.intermediate.manifest"
         C:\Program Files (x86)\Microsoft SDKs\Windows\v7.0A\bin\rc.exe /nologo /fo"Debug\选择结构程序设计_10.exe.embed.manifest.res" "Debug\选择结构程序设计_10_manifest.rc" 
       LinkEmbedManifest:
         C:\Program Files (x86)\Microsoft Visual Studio 10.0\VC\bin\link.exe /ERRORREPORT:PROMPT /OUT:"C:\Users\ytq\Desktop\c_project\二级练习\选择结构程序设计_10\Debug\选择结构程序设计_10.exe" /INCREMENTAL /NOLOGO kernel32.lib user32.lib gdi32.lib winspool.lib comdlg32.lib advapi32.lib shell32.lib ole32.lib oleaut32.lib uuid.lib odbc32.lib odbccp32.lib /MANIFEST /ManifestFile:"Debug\选择结构程序设计_10.exe.intermediate.manifest" /MANIFESTUAC:"level='asInvoker' uiAccess='false'" /DEBUG /PDB:"C:\Users\ytq\Desktop\c_project\二级练习\选择结构程序设计_10\Debug\选择结构程序设计_10.pdb" /SUBSYSTEM:CONSOLE /TLBID:1 /DYNAMICBASE /NXCOMPAT /IMPLIB:"C:\Users\ytq\Desktop\c_project\二级练习\选择结构程序设计_10\Debug\选择结构程序设计_10.lib" /MACHINE:X86 "Debug\选择结构程序设计_10.exe.embed.manifest.res"
         Debug\10.obj
         选择结构程序设计_10.vcxproj -> C:\Users\ytq\Desktop\c_project\二级练习\选择结构程序设计_10\Debug\选择结构程序设计_10.exe
       FinalizeBuildStatus:
         正在删除文件“Debug\选择结构程序设计_10.unsuccessfulbuild”。
         正在对“Debug\选择结构程序设计_10.lastbuildstate”执行 Touch 任务。
     1>已完成生成项目“C:\Users\ytq\Desktop\c_project\二级练习\选择结构程序设计_10\选择结构程序设计_10\选择结构程序设计_10.vcxproj”(build 个目标)的操作。

生成成功。

已用时间 00:00:03.41
