生成启动时间为 2020/01/20 16:52:13。
     1>项目“C:\Users\ytq\Desktop\c_project\二级练习\选择结构程序设计_18\选择结构程序设计_18\选择结构程序设计_18.vcxproj”在节点 2 上(build 个目标)。
     1>PrepareForBuild:
         正在创建目录“C:\Users\ytq\Desktop\c_project\二级练习\选择结构程序设计_18\Debug\”。
       InitializeBuildStatus:
         正在创建“Debug\选择结构程序设计_18.unsuccessfulbuild”，因为已指定“AlwaysCreate”。
       ClCompile:
         C:\Program Files (x86)\Microsoft Visual Studio 10.0\VC\bin\CL.exe /c /ZI /nologo /W3 /WX- /Od /Oy- /D WIN32 /D _DEBUG /D _CONSOLE /D _UNICODE /D UNICODE /Gm /EHsc /RTC1 /MDd /GS /fp:precise /Zc:wchar_t /Zc:forScope /Fo"Debug\\" /Fd"Debug\vc100.pdb" /Gd /TC /analyze- /errorReport:prompt 18.c
         18.c
       ManifestResourceCompile:
         C:\Program Files (x86)\Microsoft SDKs\Windows\v7.0A\bin\rc.exe /nologo /fo"Debug\选择结构程序设计_18.exe.embed.manifest.res" "Debug\选择结构程序设计_18_manifest.rc" 
       Link:
         C:\Program Files (x86)\Microsoft Visual Studio 10.0\VC\bin\link.exe /ERRORREPORT:PROMPT /OUT:"C:\Users\ytq\Desktop\c_project\二级练习\选择结构程序设计_18\Debug\选择结构程序设计_18.exe" /INCREMENTAL /NOLOGO kernel32.lib user32.lib gdi32.lib winspool.lib comdlg32.lib advapi32.lib shell32.lib ole32.lib oleaut32.lib uuid.lib odbc32.lib odbccp32.lib /MANIFEST /ManifestFile:"Debug\选择结构程序设计_18.exe.intermediate.manifest" /MANIFESTUAC:"level='asInvoker' uiAccess='false'" /DEBUG /PDB:"C:\Users\ytq\Desktop\c_project\二级练习\选择结构程序设计_18\Debug\选择结构程序设计_18.pdb" /SUBSYSTEM:CONSOLE /TLBID:1 /DYNAMICBASE /NXCOMPAT /IMPLIB:"C:\Users\ytq\Desktop\c_project\二级练习\选择结构程序设计_18\Debug\选择结构程序设计_18.lib" /MACHINE:X86 "Debug\选择结构程序设计_18.exe.embed.manifest.res"
         Debug\18.obj
       Manifest:
         C:\Program Files (x86)\Microsoft SDKs\Windows\v7.0A\bin\mt.exe /nologo /verbose /out:"Debug\选择结构程序设计_18.exe.embed.manifest" /manifest "Debug\选择结构程序设计_18.exe.intermediate.manifest"
         C:\Program Files (x86)\Microsoft SDKs\Windows\v7.0A\bin\rc.exe /nologo /fo"Debug\选择结构程序设计_18.exe.embed.manifest.res" "Debug\选择结构程序设计_18_manifest.rc" 
       LinkEmbedManifest:
         C:\Program Files (x86)\Microsoft Visual Studio 10.0\VC\bin\link.exe /ERRORREPORT:PROMPT /OUT:"C:\Users\ytq\Desktop\c_project\二级练习\选择结构程序设计_18\Debug\选择结构程序设计_18.exe" /INCREMENTAL /NOLOGO kernel32.lib user32.lib gdi32.lib winspool.lib comdlg32.lib advapi32.lib shell32.lib ole32.lib oleaut32.lib uuid.lib odbc32.lib odbccp32.lib /MANIFEST /ManifestFile:"Debug\选择结构程序设计_18.exe.intermediate.manifest" /MANIFESTUAC:"level='asInvoker' uiAccess='false'" /DEBUG /PDB:"C:\Users\ytq\Desktop\c_project\二级练习\选择结构程序设计_18\Debug\选择结构程序设计_18.pdb" /SUBSYSTEM:CONSOLE /TLBID:1 /DYNAMICBASE /NXCOMPAT /IMPLIB:"C:\Users\ytq\Desktop\c_project\二级练习\选择结构程序设计_18\Debug\选择结构程序设计_18.lib" /MACHINE:X86 "Debug\选择结构程序设计_18.exe.embed.manifest.res"
         Debug\18.obj
         选择结构程序设计_18.vcxproj -> C:\Users\ytq\Desktop\c_project\二级练习\选择结构程序设计_18\Debug\选择结构程序设计_18.exe
       FinalizeBuildStatus:
         正在删除文件“Debug\选择结构程序设计_18.unsuccessfulbuild”。
         正在对“Debug\选择结构程序设计_18.lastbuildstate”执行 Touch 任务。
     1>已完成生成项目“C:\Users\ytq\Desktop\c_project\二级练习\选择结构程序设计_18\选择结构程序设计_18\选择结构程序设计_18.vcxproj”(build 个目标)的操作。

生成成功。

已用时间 00:00:03.83
