生成启动时间为 2020/01/22 20:45:27。
     1>项目“C:\Users\ytq\Desktop\c_project\二级练习\顺序结构3.17\顺序结构3.17\顺序结构3.17.vcxproj”在节点 2 上(build 个目标)。
     1>PrepareForBuild:
         正在创建目录“C:\Users\ytq\Desktop\c_project\二级练习\顺序结构3.17\Debug\”。
       InitializeBuildStatus:
         正在创建“Debug\顺序结构3.17.unsuccessfulbuild”，因为已指定“AlwaysCreate”。
       ClCompile:
         C:\Program Files (x86)\Microsoft Visual Studio 10.0\VC\bin\CL.exe /c /ZI /nologo /W3 /WX- /Od /Oy- /D WIN32 /D _DEBUG /D _CONSOLE /D _UNICODE /D UNICODE /Gm /EHsc /RTC1 /MDd /GS /fp:precise /Zc:wchar_t /Zc:forScope /Fo"Debug\\" /Fd"Debug\vc100.pdb" /Gd /TC /analyze- /errorReport:prompt 3.17.c
         3.17.c
       ManifestResourceCompile:
         C:\Program Files (x86)\Microsoft SDKs\Windows\v7.0A\bin\rc.exe /nologo /fo"Debug\顺序结构3.17.exe.embed.manifest.res" "Debug\顺序结构3.17_manifest.rc" 
       Link:
         C:\Program Files (x86)\Microsoft Visual Studio 10.0\VC\bin\link.exe /ERRORREPORT:PROMPT /OUT:"C:\Users\ytq\Desktop\c_project\二级练习\顺序结构3.17\Debug\顺序结构3.17.exe" /INCREMENTAL /NOLOGO kernel32.lib user32.lib gdi32.lib winspool.lib comdlg32.lib advapi32.lib shell32.lib ole32.lib oleaut32.lib uuid.lib odbc32.lib odbccp32.lib /MANIFEST /ManifestFile:"Debug\顺序结构3.17.exe.intermediate.manifest" /MANIFESTUAC:"level='asInvoker' uiAccess='false'" /DEBUG /PDB:"C:\Users\ytq\Desktop\c_project\二级练习\顺序结构3.17\Debug\顺序结构3.17.pdb" /SUBSYSTEM:CONSOLE /TLBID:1 /DYNAMICBASE /NXCOMPAT /IMPLIB:"C:\Users\ytq\Desktop\c_project\二级练习\顺序结构3.17\Debug\顺序结构3.17.lib" /MACHINE:X86 "Debug\顺序结构3.17.exe.embed.manifest.res"
         Debug\3.17.obj
       Manifest:
         C:\Program Files (x86)\Microsoft SDKs\Windows\v7.0A\bin\mt.exe /nologo /verbose /out:"Debug\顺序结构3.17.exe.embed.manifest" /manifest "Debug\顺序结构3.17.exe.intermediate.manifest"
         C:\Program Files (x86)\Microsoft SDKs\Windows\v7.0A\bin\rc.exe /nologo /fo"Debug\顺序结构3.17.exe.embed.manifest.res" "Debug\顺序结构3.17_manifest.rc" 
       LinkEmbedManifest:
         C:\Program Files (x86)\Microsoft Visual Studio 10.0\VC\bin\link.exe /ERRORREPORT:PROMPT /OUT:"C:\Users\ytq\Desktop\c_project\二级练习\顺序结构3.17\Debug\顺序结构3.17.exe" /INCREMENTAL /NOLOGO kernel32.lib user32.lib gdi32.lib winspool.lib comdlg32.lib advapi32.lib shell32.lib ole32.lib oleaut32.lib uuid.lib odbc32.lib odbccp32.lib /MANIFEST /ManifestFile:"Debug\顺序结构3.17.exe.intermediate.manifest" /MANIFESTUAC:"level='asInvoker' uiAccess='false'" /DEBUG /PDB:"C:\Users\ytq\Desktop\c_project\二级练习\顺序结构3.17\Debug\顺序结构3.17.pdb" /SUBSYSTEM:CONSOLE /TLBID:1 /DYNAMICBASE /NXCOMPAT /IMPLIB:"C:\Users\ytq\Desktop\c_project\二级练习\顺序结构3.17\Debug\顺序结构3.17.lib" /MACHINE:X86 "Debug\顺序结构3.17.exe.embed.manifest.res"
         Debug\3.17.obj
         顺序结构3.17.vcxproj -> C:\Users\ytq\Desktop\c_project\二级练习\顺序结构3.17\Debug\顺序结构3.17.exe
       FinalizeBuildStatus:
         正在删除文件“Debug\顺序结构3.17.unsuccessfulbuild”。
         正在对“Debug\顺序结构3.17.lastbuildstate”执行 Touch 任务。
     1>已完成生成项目“C:\Users\ytq\Desktop\c_project\二级练习\顺序结构3.17\顺序结构3.17\顺序结构3.17.vcxproj”(build 个目标)的操作。

生成成功。

已用时间 00:00:04.11
